BuildingRecognition/build/outputs/logs/manifest-merger-debug-report.txt
-- Merging decision tree log ---
manifest
ADDED from src/main/AndroidManifest.xml:2:1-32:12
INJECTED from src/main/AndroidManifest.xml:2:1-32:12
INJECTED from src/main/AndroidManifest.xml:2:1-32:12
INJECTED from src/main/AndroidManifest.xml:2:1-32:12
INJECTED from src/main/AndroidManifest.xml:2:1-32:12
INJECTED from src/main/AndroidManifest.xml:2:1-32:12
INJECTED from src/main/AndroidManifest.xml:2:1-32:12
	package
		ADDED from src/main/AndroidManifest.xml:2:70-106
		INJECTED from src/main/AndroidManifest.xml
		INJECTED from src/main/AndroidManifest.xml
	android:versionName
		INJECTED from src/main/AndroidManifest.xml
		ADDED from src/main/AndroidManifest.xml:2:1-32:12
		INJECTED from src/main/AndroidManifest.xml
	xmlns:tools
		ADDED from src/main/AndroidManifest.xml:2:107-153
	android:versionCode
		INJECTED from src/main/AndroidManifest.xml
		ADDED from src/main/AndroidManifest.xml:2:1-32:12
		INJECTED from src/main/AndroidManifest.xml
	xmlns:android
		ADDED from src/main/AndroidManifest.xml:2:11-69
	android:installLocation
		ADDED from src/main/AndroidManifest.xml:2:154-194
supports-screens
ADDED from src/main/AndroidManifest.xml:3:3-163
	android:largeScreens
		ADDED from src/main/AndroidManifest.xml:3:78-105
	android:smallScreens
		ADDED from src/main/AndroidManifest.xml:3:21-48
	android:normalScreens
		ADDED from src/main/AndroidManifest.xml:3:49-77
	android:xlargeScreens
		ADDED from src/main/AndroidManifest.xml:3:106-134
	android:anyDensity
		ADDED from src/main/AndroidManifest.xml:3:135-160
application
ADDED from src/main/AndroidManifest.xml:5:3-17:17
	android:label
		ADDED from src/main/AndroidManifest.xml:5:16-48
activity#yakgwa.BuildingRecognition.UnityPlayerActivity
ADDED from src/main/AndroidManifest.xml:6:5-12:16
	android:screenOrientation
		ADDED from src/main/AndroidManifest.xml:6:48-84
	android:label
		ADDED from src/main/AndroidManifest.xml:6:15-47
	android:launchMode
		ADDED from src/main/AndroidManifest.xml:6:85-116
	android:hardwareAccelerated
		ADDED from src/main/AndroidManifest.xml:6:299-334
	android:configChanges
		ADDED from src/main/AndroidManifest.xml:6:117-298
	android:name
		ADDED from src/main/AndroidManifest.xml:6:335-396
meta-data#unityplayer.UnityActivity
ADDED from src/main/AndroidManifest.xml:11:7-82
	android:value
		ADDED from src/main/AndroidManifest.xml:11:59-79
	android:name
		ADDED from src/main/AndroidManifest.xml:11:18-58
meta-data#unity.build-id
ADDED from src/main/AndroidManifest.xml:13:5-101
	android:value
		ADDED from src/main/AndroidManifest.xml:13:46-98
	android:name
		ADDED from src/main/AndroidManifest.xml:13:16-45
meta-data#unity.splash-mode
ADDED from src/main/AndroidManifest.xml:14:5-69
	android:value
		ADDED from src/main/AndroidManifest.xml:14:49-66
	android:name
		ADDED from src/main/AndroidManifest.xml:14:16-48
meta-data#unity.splash-enable
ADDED from src/main/AndroidManifest.xml:15:5-74
	android:value
		ADDED from src/main/AndroidManifest.xml:15:51-71
	android:name
		ADDED from src/main/AndroidManifest.xml:15:16-50
meta-data#com.google.ar.core
ADDED from src/main/AndroidManifest.xml:16:5-77
	android:value
		ADDED from src/main/AndroidManifest.xml:16:50-74
	android:name
		ADDED from src/main/AndroidManifest.xml:16:16-49
uses-feature#0x00020000
ADDED from src/main/AndroidManifest.xml:18:3-52
	android:glEsVersion
		ADDED from src/main/AndroidManifest.xml:18:17-49
uses-permission#android.permission.INTERNET
ADDED from src/main/AndroidManifest.xml:19:3-65
	android:name
		ADDED from src/main/AndroidManifest.xml:19:20-62
uses-permission#android.permission.CAMERA
ADDED from src/main/AndroidManifest.xml:20:3-63
	android:name
		ADDED from src/main/AndroidManifest.xml:20:20-60
uses-permission#android.permission.ACCESS_NETWORK_STATE
ADDED from src/main/AndroidManifest.xml:23:3-77
	android:name
		ADDED from src/main/AndroidManifest.xml:23:20-74
uses-permission#android.permission.WRITE_EXTERNAL_STORAGE
ADDED from src/main/AndroidManifest.xml:24:3-79
	android:name
		ADDED from src/main/AndroidManifest.xml:24:20-76
uses-feature#android.hardware.camera
ADDED from src/main/AndroidManifest.xml:26:3-83
	android:required
		ADDED from src/main/AndroidManifest.xml:26:56-80
	android:name
		ADDED from src/main/AndroidManifest.xml:26:17-55
uses-feature#android.hardware.camera.autofocus
ADDED from src/main/AndroidManifest.xml:27:3-93
	android:required
		ADDED from src/main/AndroidManifest.xml:27:66-90
	android:name
		ADDED from src/main/AndroidManifest.xml:27:17-65
uses-feature#android.hardware.camera.front
ADDED from src/main/AndroidManifest.xml:28:3-89
	android:required
		ADDED from src/main/AndroidManifest.xml:28:62-86
	android:name
		ADDED from src/main/AndroidManifest.xml:28:17-61
uses-feature#android.hardware.touchscreen
ADDED from src/main/AndroidManifest.xml:29:3-88
	android:required
		ADDED from src/main/AndroidManifest.xml:29:61-85
	android:name
		ADDED from src/main/AndroidManifest.xml:29:17-60
uses-feature#android.hardware.touchscreen.multitouch
ADDED from src/main/AndroidManifest.xml:30:3-99
	android:required
		ADDED from src/main/AndroidManifest.xml:30:72-96
	android:name
		ADDED from src/main/AndroidManifest.xml:30:17-71
uses-feature#android.hardware.touchscreen.multitouch.distinct
ADDED from src/main/AndroidManifest.xml:31:3-108
	android:required
		ADDED from src/main/AndroidManifest.xml:31:81-105
	android:name
		ADDED from src/main/AndroidManifest.xml:31:17-80
uses-sdk
INJECTED from src/main/AndroidManifest.xml reason: use-sdk injection requested
INJECTED from src/main/AndroidManifest.xml
INJECTED from src/main/AndroidManifest.xml
INJECTED from src/main/AndroidManifest.xml
INJECTED from src/main/AndroidManifest.xml
	android:targetSdkVersion
		INJECTED from src/main/AndroidManifest.xml
		ADDED from src/main/AndroidManifest.xml
		INJECTED from src/main/AndroidManifest.xml
	android:minSdkVersion
		INJECTED from src/main/AndroidManifest.xml
		ADDED from src/main/AndroidManifest.xml
		INJECTED from src/main/AndroidManifest.xml